{"/Users/hyeonsooahn/Desktop/Study/JavaScript/MangoDB/src/fruit.app.js": {"path":"/Users/hyeonsooahn/Desktop/Study/JavaScript/MangoDB/src/fruit.app.js","statementMap":{"0":{"start":{"line":4,"column":13},"end":{"line":4,"column":24}},"1":{"start":{"line":5,"column":14},"end":{"line":5,"column":26}},"2":{"start":{"line":8,"column":8},"end":{"line":8,"column":57}},"3":{"start":{"line":10,"column":8},"end":{"line":10,"column":23}},"4":{"start":{"line":17,"column":26},"end":{"line":17,"column":45}},"5":{"start":{"line":19,"column":8},"end":{"line":22,"column":11}},"6":{"start":{"line":20,"column":8},"end":{"line":20,"column":37}},"7":{"start":{"line":21,"column":12},"end":{"line":21,"column":31}},"8":{"start":{"line":24,"column":8},"end":{"line":24,"column":22}}},"fnMap":{"0":{"name":"getFruit","decl":{"start":{"line":7,"column":16},"end":{"line":7,"column":24}},"loc":{"start":{"line":7,"column":27},"end":{"line":11,"column":5}},"line":7},"1":{"name":"setProperties","decl":{"start":{"line":16,"column":16},"end":{"line":16,"column":29}},"loc":{"start":{"line":16,"column":39},"end":{"line":25,"column":5}},"line":16},"2":{"name":"(anonymous_2)","decl":{"start":{"line":19,"column":33},"end":{"line":19,"column":34}},"loc":{"start":{"line":19,"column":38},"end":{"line":22,"column":9}},"line":19}},"branchMap":{},"s":{"0":1,"1":1,"2":0,"3":0,"4":1,"5":0,"6":0,"7":0,"8":0},"f":{"0":0,"1":1,"2":0},"b":{},"_coverageSchema":"1a1c01bbd47fc00a2c39e90264f33305004495a9","hash":"da90311ea1743161483b55d2a75a2c6c026aff60"}
,"/Users/hyeonsooahn/Desktop/Study/JavaScript/MangoDB/src/model/fruit.model.js": {"path":"/Users/hyeonsooahn/Desktop/Study/JavaScript/MangoDB/src/model/fruit.model.js","statementMap":{"0":{"start":{"line":8,"column":8},"end":{"line":8,"column":21}},"1":{"start":{"line":9,"column":8},"end":{"line":9,"column":25}},"2":{"start":{"line":10,"column":8},"end":{"line":10,"column":31}},"3":{"start":{"line":14,"column":8},"end":{"line":14,"column":23}},"4":{"start":{"line":17,"column":8},"end":{"line":17,"column":25}},"5":{"start":{"line":20,"column":8},"end":{"line":20,"column":28}}},"fnMap":{"0":{"name":"(anonymous_0)","decl":{"start":{"line":7,"column":4},"end":{"line":7,"column":5}},"loc":{"start":{"line":7,"column":32},"end":{"line":11,"column":5}},"line":7},"1":{"name":"(anonymous_1)","decl":{"start":{"line":13,"column":4},"end":{"line":13,"column":5}},"loc":{"start":{"line":13,"column":13},"end":{"line":15,"column":5}},"line":13},"2":{"name":"(anonymous_2)","decl":{"start":{"line":16,"column":4},"end":{"line":16,"column":5}},"loc":{"start":{"line":16,"column":15},"end":{"line":18,"column":5}},"line":16},"3":{"name":"(anonymous_3)","decl":{"start":{"line":19,"column":4},"end":{"line":19,"column":5}},"loc":{"start":{"line":19,"column":18},"end":{"line":21,"column":5}},"line":19}},"branchMap":{},"s":{"0":4,"1":4,"2":4,"3":0,"4":0,"5":0},"f":{"0":4,"1":0,"2":0,"3":0},"b":{},"_coverageSchema":"1a1c01bbd47fc00a2c39e90264f33305004495a9","hash":"9cc5a1679bd440809f0131098f05a9d0bdaa4a83"}
}
