TN:
SF:src/fruit.app.js
FN:7,getFruit
FN:16,setProperties
FN:19,(anonymous_2)
FNF:3
FNH:1
FNDA:0,getFruit
FNDA:1,setProperties
FNDA:0,(anonymous_2)
DA:4,1
DA:5,1
DA:8,0
DA:10,0
DA:17,1
DA:19,0
DA:20,0
DA:21,0
DA:24,0
LF:9
LH:3
BRF:0
BRH:0
end_of_record
TN:
SF:src/model/fruit.model.js
FN:7,(anonymous_0)
FN:13,(anonymous_1)
FN:16,(anonymous_2)
FN:19,(anonymous_3)
FNF:4
FNH:1
FNDA:4,(anonymous_0)
FNDA:0,(anonymous_1)
FNDA:0,(anonymous_2)
FNDA:0,(anonymous_3)
DA:8,4
DA:9,4
DA:10,4
DA:14,0
DA:17,0
DA:20,0
LF:6
LH:3
BRF:0
BRH:0
end_of_record
